<?xml version="1.0" encoding="utf-8" standalone="no"?>
<test-results xmlns:xsi="http://www.w3.org/2001/XMLSchema-instance" xsi:noNamespaceSchemaLocation="nunit_schema_2.5.xsd" name="Pester" total="6" errors="0" failures="0" not-run="0" inconclusive="0" ignored="0" skipped="0" invalid="0" date="2026-07-23" time="22:05:38">
  <environment cwd="J:\Dev\ungate-local" os-version="10.0.26200" platform="Microsoft Windows 11 Pro|C:\Windows|\Device\Harddisk0\Partition3" user-domain="pc" user="kalvinclein" clr-version="10.0.9" machine-name="PC" nunit-version="2.5.8.0" />
  <culture-info current-culture="ru-RU" current-uiculture="en-US" />
  <test-suite type="TestFixture" name="Pester" executed="True" result="Success" success="True" time="0.8632" asserts="0" description="Pester">
    <results>
      <test-suite type="TestFixture" name="J:\Dev\ungate-local\scripts\start-codex-desktop-ungate.Tests.ps1" executed="True" result="Success" success="True" time="0.8632" asserts="0" description="J:\Dev\ungate-local\scripts\start-codex-desktop-ungate.Tests.ps1">
        <results>
          <test-suite type="TestFixture" name="Sync-CodexMcpServers" executed="True" result="Success" success="True" time="0.4583" asserts="0" description="Sync-CodexMcpServers">
            <results>
              <test-case description="mirrors nested MCP tables and preserves isolated settings" name="Sync-CodexMcpServers.mirrors nested MCP tables and preserves isolated settings" time="0.1963" asserts="0" success="True" result="Success" executed="True" />
              <test-case description="does not rewrite a config whose MCP table family already matches" name="Sync-CodexMcpServers.does not rewrite a config whose MCP table family already matches" time="0.1037" asserts="0" success="True" result="Success" executed="True" />
              <test-case description="treats a source without MCP tables as an authoritative empty set" name="Sync-CodexMcpServers.treats a source without MCP tables as an authoritative empty set" time="0.0149" asserts="0" success="True" result="Success" executed="True" />
              <test-case description="does not modify Beta config when source validation fails" name="Sync-CodexMcpServers.does not modify Beta config when source validation fails" time="0.0371" asserts="0" success="True" result="Success" executed="True" />
              <test-case description="does not modify Beta config when the source config is missing" name="Sync-CodexMcpServers.does not modify Beta config when the source config is missing" time="0.0295" asserts="0" success="True" result="Success" executed="True" />
              <test-case description="restores the previous Beta config when post-write validation fails" name="Sync-CodexMcpServers.restores the previous Beta config when post-write validation fails" time="0.0328" asserts="0" success="True" result="Success" executed="True" />
            </results>
          </test-suite>
        </results>
      </test-suite>
    </results>
  </test-suite>
</test-results>